#! /usr/bin/vvp
:ivl_version "10.3 (stable)";
:ivl_delay_selection "TYPICAL";
:vpi_time_precision - 12;
:vpi_module "system";
:vpi_module "vhdl_sys";
:vpi_module "v2005_math";
:vpi_module "va_math";
S_0x55b54eaa2da0 .scope module, "ejemplo_TB" "ejemplo_TB" 2 4;
 .timescale -12 -12;
v0x55b54eab30f0_0 .var "a_reg", 1 0;
v0x55b54eab31e0_0 .var "b_reg", 1 0;
S_0x55b54eaa2f20 .scope module, "uut" "ejemplo" 2 8, 3 1 0, S_0x55b54eaa2da0;
 .timescale 0 0;
    .port_info 0 /INPUT 2 "a"
    .port_info 1 /INPUT 2 "b"
    .port_info 2 /OUTPUT 2 "out"
L_0x55b54eab32b0 .functor AND 2, v0x55b54eab30f0_0, v0x55b54eab31e0_0, C4<11>, C4<11>;
v0x55b54ea6d110_0 .net "a", 1 0, v0x55b54eab30f0_0;  1 drivers
v0x55b54eab2ed0_0 .net "b", 1 0, v0x55b54eab31e0_0;  1 drivers
v0x55b54eab2fb0_0 .net "out", 1 0, L_0x55b54eab32b0;  1 drivers
    .scope S_0x55b54eaa2da0;
T_0 ;
    %pushi/vec4 0, 0, 2;
    %store/vec4 v0x55b54eab30f0_0, 0, 2;
    %pushi/vec4 0, 0, 2;
    %store/vec4 v0x55b54eab31e0_0, 0, 2;
    %delay 5, 0;
    %pushi/vec4 2, 0, 2;
    %store/vec4 v0x55b54eab30f0_0, 0, 2;
    %pushi/vec4 0, 0, 2;
    %store/vec4 v0x55b54eab31e0_0, 0, 2;
    %delay 5, 0;
    %pushi/vec4 3, 0, 2;
    %store/vec4 v0x55b54eab30f0_0, 0, 2;
    %pushi/vec4 3, 0, 2;
    %store/vec4 v0x55b54eab31e0_0, 0, 2;
    %end;
    .thread T_0;
    .scope S_0x55b54eaa2da0;
T_1 ;
    %vpi_call 2 28 "$dumpfile", "ejemplo_TB.vcd" {0 0 0};
    %vpi_call 2 29 "$dumpvars", 32'sb11111111111111111111111111111111, S_0x55b54eaa2f20 {0 0 0};
    %delay 30, 0;
    %vpi_call 2 30 "$finish" {0 0 0};
    %end;
    .thread T_1;
# The file index is used to find the file name in the following table.
:file_names 4;
    "N/A";
    "<interactive>";
    "ejemplo_TB.v";
    "./ejemplo.v";
